<?xml version="1.0" encoding="UTF-8"?>
<testsuites name="Mocha Tests" time="0.0000" tests="1" failures="1">
  <testsuite name="Root Suite" timestamp="2022-01-11T21:24:21" tests="0" file="cypress/integration/myTests/my1stTestCy.js" time="0.0000" failures="0">
  </testsuite>
  <testsuite name="mytest" timestamp="2022-01-11T21:24:21" tests="1" time="0.0000" failures="1">
    <testcase name="mytest Check yandex main page" time="0.0000" classname="Check yandex main page">
      <failure message="Timed out retrying after 3000ms: expected &apos;&lt;div.services-new__item-title&gt;&apos; to have text &apos;ещё&apos;, but the text was &apos;Маркет&apos;" type="AssertionError"><![CDATA[AssertionError: Timed out retrying after 3000ms: expected '<div.services-new__item-title>' to have text 'ещё', but the text was 'Маркет'
    at Context.eval (https://yandex.ru/__cypress/tests?p=cypress\integration\myTests\my1stTestCy.js:105:115)]]></failure>
    </testcase>
  </testsuite>
</testsuites>