<?xml version="1.0" encoding="UTF-8"?>
<testsuites name="Mocha Tests" time="3.2450" tests="1" failures="0">
  <testsuite name="Root Suite" timestamp="2022-01-11T21:11:58" tests="0" file="cypress/integration/myTests/my1stTestCy.js" time="0.0000" failures="0">
  </testsuite>
  <testsuite name="mytest" timestamp="2022-01-11T21:11:58" tests="1" time="3.2450" failures="0">
    <testcase name="mytest Check yandex main page" time="3.2450" classname="Check yandex main page">
    </testcase>
  </testsuite>
</testsuites>