<?xml version="1.0" encoding="UTF-8"?>
<testsuites name="Mocha Tests" time="4.4530" tests="1" failures="0">
  <testsuite name="Root Suite" timestamp="2022-01-11T20:51:30" tests="0" file="cypress/integration/myTests/my1stTestCy.js" time="0.0000" failures="0">
  </testsuite>
  <testsuite name="mytest" timestamp="2022-01-11T20:51:30" tests="1" time="4.4530" failures="0">
    <testcase name="mytest displays two todo items by default" time="4.4530" classname="displays two todo items by default">
    </testcase>
  </testsuite>
</testsuites>